2026-06-24 09:34:59 | INFO | Bases | Jugador creado: minel - bio
2026-06-24 09:34:59 | INFO | Bases | Partida iniciada para minel
2026-06-24 09:35:00 | INFO | Bases | Nueva figura objetivo: ('Cuadrado', 'Rojo')
2026-06-24 09:35:20 | INFO | Bases | Ronda registrada: Cuadrado Rojo puntaje=0
2026-06-24 09:35:20 | INFO | Bases | Nueva figura objetivo: ('Circulo', 'Amarillo')
2026-06-24 09:35:40 | INFO | Bases | Ronda registrada: Circulo Amarillo puntaje=1
2026-06-24 09:35:40 | INFO | Bases | Nueva figura objetivo: ('Circulo', 'Naranja')
2026-06-24 09:36:00 | INFO | Bases | Ronda registrada: Circulo Naranja puntaje=2
2026-06-24 09:36:00 | INFO | Bases | Generando resultado final de la partida
2026-06-24 09:47:55 | INFO | Bases | Jugador creado: minel - bio
2026-06-24 09:47:55 | INFO | Bases | Partida iniciada para minel
2026-06-24 09:47:56 | INFO | Bases | Nueva figura objetivo: ('Triangulo', 'Amarillo')
2026-06-24 09:48:16 | INFO | Bases | Ronda registrada: Triangulo Amarillo puntaje=0
2026-06-24 09:48:16 | INFO | Bases | Nueva figura objetivo: ('Hexagono', 'Azul')
2026-06-24 09:48:36 | INFO | Bases | Ronda registrada: Hexagono Azul puntaje=0
2026-06-24 09:48:36 | INFO | Bases | Nueva figura objetivo: ('Circulo', 'Naranja')
2026-06-24 09:48:56 | INFO | Bases | Ronda registrada: Circulo Naranja puntaje=1
2026-06-24 09:48:56 | INFO | Bases | Generando resultado final de la partida
2026-06-24 09:50:29 | INFO | Bases | Jugador creado: minel - bio
2026-06-24 09:50:29 | INFO | Bases | Partida iniciada para minel
2026-06-24 09:50:29 | INFO | Bases | Nueva figura objetivo: ('Cuadrado', 'Verde')
2026-06-24 09:50:49 | INFO | Bases | Ronda registrada: Cuadrado Verde puntaje=0
2026-06-24 09:50:49 | INFO | Bases | Nueva figura objetivo: ('Cuadrado', 'Azul')
2026-06-24 09:51:09 | INFO | Bases | Ronda registrada: Cuadrado Azul puntaje=0
2026-06-24 09:51:09 | INFO | Bases | Nueva figura objetivo: ('Triangulo', 'Amarillo')
2026-06-24 09:51:29 | INFO | Bases | Ronda registrada: Triangulo Amarillo puntaje=0
2026-06-24 09:51:29 | INFO | Bases | Generando resultado final de la partida
2026-06-24 09:51:54 | INFO | Bases | Jugador creado: minel - bio
2026-06-24 09:51:54 | INFO | Bases | Partida iniciada para minel
2026-06-24 09:51:54 | INFO | Bases | Nueva figura objetivo: ('Triangulo', 'Rojo')
2026-06-24 09:52:14 | INFO | Bases | Ronda registrada: Triangulo Rojo puntaje=0
2026-06-24 09:52:14 | INFO | Bases | Nueva figura objetivo: ('Circulo', 'Amarillo')
2026-06-24 09:52:34 | INFO | Bases | Ronda registrada: Circulo Amarillo puntaje=0
2026-06-24 09:52:34 | INFO | Bases | Nueva figura objetivo: ('Cuadrado', 'Azul')
2026-06-24 09:52:45 | INFO | Bases | Ronda registrada: Cuadrado Azul puntaje=3
2026-06-24 09:52:45 | INFO | Bases | Generando resultado final de la partida
2026-06-24 10:08:22 | INFO | Bases | Jugador creado: minel - bio
2026-06-24 10:08:22 | INFO | Bases | Partida iniciada para minel
2026-06-24 10:08:22 | INFO | Bases | Nueva figura objetivo: ('Circulo', 'Amarillo')
2026-06-24 10:08:42 | INFO | Bases | Ronda registrada: Circulo Amarillo puntaje=0
2026-06-24 10:08:42 | INFO | Bases | Nueva figura objetivo: ('Cuadrado', 'Rojo')
2026-06-24 10:09:02 | INFO | Bases | Ronda registrada: Cuadrado Rojo puntaje=0
2026-06-24 10:09:02 | INFO | Bases | Nueva figura objetivo: ('Hexagono', 'Amarillo')
2026-06-24 10:09:22 | INFO | Bases | Ronda registrada: Hexagono Amarillo puntaje=0
2026-06-24 10:09:22 | INFO | Bases | Generando resultado final de la partida
2026-06-24 10:13:44 | INFO | Bases | Jugador creado: minel - bio
2026-06-24 10:13:44 | INFO | Bases | Partida iniciada para minel
2026-06-24 10:13:44 | INFO | Bases | Nueva figura objetivo: ('Cuadrado', 'Amarillo')
2026-06-24 10:14:04 | INFO | Bases | Ronda registrada: Cuadrado Amarillo puntaje=0
2026-06-24 10:14:04 | INFO | Bases | Nueva figura objetivo: ('Rectangulo', 'Naranja')
2026-06-24 10:14:11 | INFO | Bases | Ronda registrada: Rectangulo Naranja puntaje=3
2026-06-24 10:14:11 | INFO | Bases | Nueva figura objetivo: ('Circulo', 'Verde')
2026-06-24 10:14:31 | INFO | Bases | Ronda registrada: Circulo Verde puntaje=1
2026-06-24 10:14:31 | INFO | Bases | Generando resultado final de la partida
2026-06-24 10:20:34 | INFO | Bases | Jugador creado: mateo - mecatronica
2026-06-24 10:20:34 | INFO | Bases | Partida iniciada para mateo
2026-06-24 10:20:34 | INFO | Bases | Nueva figura objetivo: ('Triangulo', 'Verde')
2026-06-24 10:20:54 | INFO | Bases | Ronda registrada: Triangulo Verde puntaje=0
2026-06-24 10:20:54 | INFO | Bases | Nueva figura objetivo: ('Rectangulo', 'Naranja')
2026-06-24 10:21:14 | INFO | Bases | Ronda registrada: Rectangulo Naranja puntaje=1
2026-06-24 10:21:14 | INFO | Bases | Nueva figura objetivo: ('Circulo', 'Verde')
2026-06-24 10:21:35 | INFO | Bases | Ronda registrada: Circulo Verde puntaje=0
2026-06-24 10:21:35 | INFO | Bases | Generando resultado final de la partida
2026-06-24 10:21:40 | ERROR | __main__ | Error abriendo leaderboard: cannot import name 'LeaderboardGUI' from 'leaderboard_gui' (/home/minel/Documentos/ProyectoFinal/leaderboard_gui.py)
2026-06-24 10:21:43 | ERROR | __main__ | Error abriendo leaderboard: cannot import name 'LeaderboardGUI' from 'leaderboard_gui' (/home/minel/Documentos/ProyectoFinal/leaderboard_gui.py)
2026-06-24 10:29:36 | INFO | Bases | Jugador creado: iria - medicina
2026-06-24 10:29:36 | INFO | Bases | Partida iniciada para iria
2026-06-24 10:29:37 | INFO | Bases | Nueva figura objetivo: ('Cuadrado', 'Amarillo')
2026-06-24 10:29:57 | INFO | Bases | Ronda registrada: Cuadrado Amarillo puntaje=0
2026-06-24 10:29:57 | INFO | Bases | Nueva figura objetivo: ('Circulo', 'Rojo')
2026-06-24 10:30:17 | INFO | Bases | Ronda registrada: Circulo Rojo puntaje=0
2026-06-24 10:30:17 | INFO | Bases | Nueva figura objetivo: ('Rectangulo', 'Rojo')
2026-06-24 10:30:37 | INFO | Bases | Ronda registrada: Rectangulo Rojo puntaje=1
2026-06-24 10:30:37 | INFO | Bases | Generando resultado final de la partida
2026-06-24 10:30:40 | ERROR | __main__ | Error abriendo leaderboard: cannot import name 'LeaderboardGUI' from 'leaderboard_gui' (/home/minel/Documentos/ProyectoFinal/leaderboard_gui.py)
2026-06-24 10:30:46 | ERROR | __main__ | Error abriendo leaderboard: cannot import name 'LeaderboardGUI' from 'leaderboard_gui' (/home/minel/Documentos/ProyectoFinal/leaderboard_gui.py)
2026-06-24 10:30:47 | ERROR | __main__ | Error abriendo leaderboard: cannot import name 'LeaderboardGUI' from 'leaderboard_gui' (/home/minel/Documentos/ProyectoFinal/leaderboard_gui.py)
2026-06-24 10:30:47 | ERROR | __main__ | Error abriendo leaderboard: cannot import name 'LeaderboardGUI' from 'leaderboard_gui' (/home/minel/Documentos/ProyectoFinal/leaderboard_gui.py)
2026-06-24 10:30:47 | ERROR | __main__ | Error abriendo leaderboard: cannot import name 'LeaderboardGUI' from 'leaderboard_gui' (/home/minel/Documentos/ProyectoFinal/leaderboard_gui.py)
2026-06-24 10:30:47 | ERROR | __main__ | Error abriendo leaderboard: cannot import name 'LeaderboardGUI' from 'leaderboard_gui' (/home/minel/Documentos/ProyectoFinal/leaderboard_gui.py)
2026-06-24 10:30:48 | ERROR | __main__ | Error abriendo leaderboard: cannot import name 'LeaderboardGUI' from 'leaderboard_gui' (/home/minel/Documentos/ProyectoFinal/leaderboard_gui.py)
2026-06-24 10:30:48 | ERROR | __main__ | Error abriendo leaderboard: cannot import name 'LeaderboardGUI' from 'leaderboard_gui' (/home/minel/Documentos/ProyectoFinal/leaderboard_gui.py)
2026-06-24 10:30:48 | ERROR | __main__ | Error abriendo leaderboard: cannot import name 'LeaderboardGUI' from 'leaderboard_gui' (/home/minel/Documentos/ProyectoFinal/leaderboard_gui.py)
2026-06-24 10:30:48 | ERROR | __main__ | Error abriendo leaderboard: cannot import name 'LeaderboardGUI' from 'leaderboard_gui' (/home/minel/Documentos/ProyectoFinal/leaderboard_gui.py)
2026-06-24 10:30:48 | ERROR | __main__ | Error abriendo leaderboard: cannot import name 'LeaderboardGUI' from 'leaderboard_gui' (/home/minel/Documentos/ProyectoFinal/leaderboard_gui.py)
2026-06-24 10:30:49 | ERROR | __main__ | Error abriendo leaderboard: cannot import name 'LeaderboardGUI' from 'leaderboard_gui' (/home/minel/Documentos/ProyectoFinal/leaderboard_gui.py)
2026-06-24 10:30:49 | ERROR | __main__ | Error abriendo leaderboard: cannot import name 'LeaderboardGUI' from 'leaderboard_gui' (/home/minel/Documentos/ProyectoFinal/leaderboard_gui.py)
2026-06-24 10:30:49 | ERROR | __main__ | Error abriendo leaderboard: cannot import name 'LeaderboardGUI' from 'leaderboard_gui' (/home/minel/Documentos/ProyectoFinal/leaderboard_gui.py)
2026-06-24 10:30:49 | ERROR | __main__ | Error abriendo leaderboard: cannot import name 'LeaderboardGUI' from 'leaderboard_gui' (/home/minel/Documentos/ProyectoFinal/leaderboard_gui.py)
2026-06-24 10:30:49 | ERROR | __main__ | Error abriendo leaderboard: cannot import name 'LeaderboardGUI' from 'leaderboard_gui' (/home/minel/Documentos/ProyectoFinal/leaderboard_gui.py)
2026-06-24 10:33:34 | ERROR | __main__ | Error abriendo leaderboard
2026-06-24 10:33:34 | ERROR | __main__ | Traceback (most recent call last):
  File "/home/minel/Documentos/ProyectoFinal/leaderboard_gui.py", line 108, in abrir_leaderboard
    from leaderboard_gui import LeaderboardGUI
ImportError: cannot import name 'LeaderboardGUI' from 'leaderboard_gui' (/home/minel/Documentos/ProyectoFinal/leaderboard_gui.py)

2026-06-24 10:33:48 | ERROR | __main__ | Error abriendo leaderboard
2026-06-24 10:33:48 | ERROR | __main__ | Traceback (most recent call last):
  File "/home/minel/Documentos/ProyectoFinal/leaderboard_gui.py", line 108, in abrir_leaderboard
    from leaderboard_gui import LeaderboardGUI
ImportError: cannot import name 'LeaderboardGUI' from 'leaderboard_gui' (/home/minel/Documentos/ProyectoFinal/leaderboard_gui.py)

2026-06-24 10:33:53 | ERROR | __main__ | Error abriendo leaderboard
2026-06-24 10:33:53 | ERROR | __main__ | Traceback (most recent call last):
  File "/home/minel/Documentos/ProyectoFinal/leaderboard_gui.py", line 108, in abrir_leaderboard
    from leaderboard_gui import LeaderboardGUI
ImportError: cannot import name 'LeaderboardGUI' from 'leaderboard_gui' (/home/minel/Documentos/ProyectoFinal/leaderboard_gui.py)

2026-06-24 10:33:59 | ERROR | __main__ | Error abriendo leaderboard
2026-06-24 10:33:59 | ERROR | __main__ | Traceback (most recent call last):
  File "/home/minel/Documentos/ProyectoFinal/leaderboard_gui.py", line 108, in abrir_leaderboard
    from leaderboard_gui import LeaderboardGUI
ImportError: cannot import name 'LeaderboardGUI' from 'leaderboard_gui' (/home/minel/Documentos/ProyectoFinal/leaderboard_gui.py)

2026-06-24 10:34:00 | ERROR | __main__ | Error abriendo leaderboard
2026-06-24 10:34:00 | ERROR | __main__ | Traceback (most recent call last):
  File "/home/minel/Documentos/ProyectoFinal/leaderboard_gui.py", line 108, in abrir_leaderboard
    from leaderboard_gui import LeaderboardGUI
ImportError: cannot import name 'LeaderboardGUI' from 'leaderboard_gui' (/home/minel/Documentos/ProyectoFinal/leaderboard_gui.py)

2026-06-24 10:34:00 | ERROR | __main__ | Error abriendo leaderboard
2026-06-24 10:34:00 | ERROR | __main__ | Traceback (most recent call last):
  File "/home/minel/Documentos/ProyectoFinal/leaderboard_gui.py", line 108, in abrir_leaderboard
    from leaderboard_gui import LeaderboardGUI
ImportError: cannot import name 'LeaderboardGUI' from 'leaderboard_gui' (/home/minel/Documentos/ProyectoFinal/leaderboard_gui.py)

2026-06-24 10:34:00 | ERROR | __main__ | Error abriendo leaderboard
2026-06-24 10:34:00 | ERROR | __main__ | Traceback (most recent call last):
  File "/home/minel/Documentos/ProyectoFinal/leaderboard_gui.py", line 108, in abrir_leaderboard
    from leaderboard_gui import LeaderboardGUI
ImportError: cannot import name 'LeaderboardGUI' from 'leaderboard_gui' (/home/minel/Documentos/ProyectoFinal/leaderboard_gui.py)

2026-06-24 10:34:01 | ERROR | __main__ | Error abriendo leaderboard
2026-06-24 10:34:01 | ERROR | __main__ | Traceback (most recent call last):
  File "/home/minel/Documentos/ProyectoFinal/leaderboard_gui.py", line 108, in abrir_leaderboard
    from leaderboard_gui import LeaderboardGUI
ImportError: cannot import name 'LeaderboardGUI' from 'leaderboard_gui' (/home/minel/Documentos/ProyectoFinal/leaderboard_gui.py)

2026-06-24 10:34:01 | ERROR | __main__ | Error abriendo leaderboard
2026-06-24 10:34:01 | ERROR | __main__ | Traceback (most recent call last):
  File "/home/minel/Documentos/ProyectoFinal/leaderboard_gui.py", line 108, in abrir_leaderboard
    from leaderboard_gui import LeaderboardGUI
ImportError: cannot import name 'LeaderboardGUI' from 'leaderboard_gui' (/home/minel/Documentos/ProyectoFinal/leaderboard_gui.py)

2026-06-24 10:34:01 | ERROR | __main__ | Error abriendo leaderboard
2026-06-24 10:34:01 | ERROR | __main__ | Traceback (most recent call last):
  File "/home/minel/Documentos/ProyectoFinal/leaderboard_gui.py", line 108, in abrir_leaderboard
    from leaderboard_gui import LeaderboardGUI
ImportError: cannot import name 'LeaderboardGUI' from 'leaderboard_gui' (/home/minel/Documentos/ProyectoFinal/leaderboard_gui.py)

2026-06-24 10:39:15 | INFO | Bases | Jugador creado: min - vaa
2026-06-24 10:39:15 | INFO | Bases | Partida iniciada para min
2026-06-24 10:39:15 | INFO | Bases | Nueva figura objetivo: ('Triangulo', 'Amarillo')
2026-06-24 10:39:35 | INFO | Bases | Ronda registrada: Triangulo Amarillo puntaje=0
2026-06-24 10:39:35 | INFO | Bases | Nueva figura objetivo: ('Triangulo', 'Azul')
2026-06-24 10:39:55 | INFO | Bases | Ronda registrada: Triangulo Azul puntaje=0
2026-06-24 10:39:55 | INFO | Bases | Nueva figura objetivo: ('Triangulo', 'Verde')
2026-06-24 10:40:15 | INFO | Bases | Ronda registrada: Triangulo Verde puntaje=0
2026-06-24 10:40:15 | INFO | Bases | Generando resultado final de la partida
2026-06-24 12:13:48 | INFO | Bases | Jugador creado: pepe - sistemas
2026-06-24 12:13:48 | INFO | Bases | Partida iniciada para pepe
2026-06-24 12:13:48 | ERROR | __main__ | No se encontró cámara
2026-06-24 12:16:33 | INFO | Bases | Jugador creado: pepe - sistemas
2026-06-24 12:16:33 | INFO | Bases | Partida iniciada para pepe
2026-06-24 12:16:34 | INFO | Bases | Nueva figura objetivo: ('Rectangulo', 'Amarillo')
2026-06-24 12:16:54 | INFO | Bases | Ronda registrada: Rectangulo Amarillo puntaje=0
2026-06-24 12:16:54 | INFO | Bases | Nueva figura objetivo: ('Triangulo', 'Verde')
2026-06-24 12:17:14 | INFO | Bases | Ronda registrada: Triangulo Verde puntaje=0
2026-06-24 12:17:14 | INFO | Bases | Nueva figura objetivo: ('Rectangulo', 'Naranja')
2026-06-24 12:17:27 | INFO | Bases | Ronda registrada: Rectangulo Naranja puntaje=3
2026-06-24 12:17:27 | INFO | Bases | Generando resultado final de la partida
2026-06-24 13:33:28 | INFO | Bases | Jugador creado: eithan - sistemas
2026-06-24 13:33:28 | INFO | Bases | Partida iniciada para eithan
2026-06-24 13:33:28 | INFO | Bases | Nueva figura objetivo: ('Cuadrado', 'Amarillo')
2026-06-24 13:33:48 | INFO | Bases | Ronda registrada: Cuadrado Amarillo puntaje=0
2026-06-24 13:33:48 | INFO | Bases | Nueva figura objetivo: ('Hexagono', 'Rojo')
2026-06-24 13:34:08 | INFO | Bases | Ronda registrada: Hexagono Rojo puntaje=1
2026-06-24 13:34:08 | INFO | Bases | Nueva figura objetivo: ('Rectangulo', 'Verde')
2026-06-24 13:34:28 | INFO | Bases | Ronda registrada: Rectangulo Verde puntaje=1
2026-06-24 13:34:28 | INFO | Bases | Generando resultado final de la partida
2026-06-24 13:35:25 | INFO | Bases | Jugador creado: eithan - sistemas
2026-06-24 13:35:25 | INFO | Bases | Partida iniciada para eithan
2026-06-24 13:35:25 | INFO | Bases | Nueva figura objetivo: ('Circulo', 'Rojo')
2026-06-24 13:36:04 | INFO | Bases | Jugador creado: jose - medicina
2026-06-24 13:36:04 | INFO | Bases | Partida iniciada para jose
2026-06-24 13:36:04 | ERROR | __main__ | No se encontró cámara
2026-06-24 13:47:11 | INFO | Bases | Jugador creado: Jose - medicina
2026-06-24 13:47:11 | INFO | Bases | Partida iniciada para Jose
2026-06-24 13:47:11 | INFO | Bases | Nueva figura objetivo: ('Triangulo', 'Azul')
2026-06-24 13:47:31 | INFO | Bases | Ronda registrada: Triangulo Azul puntaje=0
2026-06-24 13:47:31 | INFO | Bases | Nueva figura objetivo: ('Cuadrado', 'Amarillo')
2026-06-24 13:47:51 | INFO | Bases | Ronda registrada: Cuadrado Amarillo puntaje=0
2026-06-24 13:47:51 | INFO | Bases | Nueva figura objetivo: ('Hexagono', 'Rojo')
2026-06-24 13:48:11 | INFO | Bases | Ronda registrada: Hexagono Rojo puntaje=1
2026-06-24 13:48:11 | INFO | Bases | Generando resultado final de la partida
2026-06-24 13:55:12 | INFO | Bases | Jugador creado: jj - sistemas
2026-06-24 13:55:12 | INFO | Bases | Partida iniciada para jj
2026-06-24 13:55:12 | INFO | Bases | Nueva figura objetivo: ('Hexagono', 'Verde')
2026-06-24 13:55:32 | INFO | Bases | Ronda registrada: Hexagono Verde puntaje=1
2026-06-24 13:55:32 | INFO | Bases | Nueva figura objetivo: ('Rectangulo', 'Amarillo')
2026-06-24 13:55:52 | INFO | Bases | Ronda registrada: Rectangulo Amarillo puntaje=0
2026-06-24 13:55:52 | INFO | Bases | Nueva figura objetivo: ('Hexagono', 'Azul')
2026-06-24 13:56:12 | INFO | Bases | Ronda registrada: Hexagono Azul puntaje=0
2026-06-24 13:56:12 | INFO | Bases | Generando resultado final de la partida
